<?xml version="1.0" encoding="UTF-8"?>
<!-- Generated by org.testng.reporters.JUnitReportReporter -->
<testsuite hostname="DESKTOP-EFR18P0" failures="0" tests="1" name="TestNG.NewTest" time="0.011" errors="0" timestamp="2021-10-18T17:18:59 IST" skipped="0">
  <testcase classname="TestNG.NewTest" name="f" time="0.011"/>
  <system-out/>
</testsuite> <!-- TestNG.NewTest -->
