<?xml version="1.0" encoding="UTF-8"?>
<!-- Generated by org.testng.reporters.JUnitReportReporter -->
<testsuite hostname="DESKTOP-EFR18P0" failures="0" tests="1" name="TestNG.demo" time="0.027" errors="0" timestamp="2021-10-14T15:02:25 IST" skipped="0">
  <testcase classname="TestNG.demo" name="Test" time="0.027"/>
  <system-out/>
</testsuite> <!-- TestNG.demo -->
